2013-04-17 17:13:58,613 INFO  ModalContext NodeLogger : #############################################################
2013-04-17 17:13:58,613 INFO  ModalContext NodeLogger : #                                                           #
2013-04-17 17:13:58,613 INFO  ModalContext NodeLogger : # Welcome to KNIME v2.7.3.0037004 (Build March 28, 2013)         #
2013-04-17 17:13:58,613 INFO  ModalContext NodeLogger : # the Konstanz Information Miner                            #
2013-04-17 17:13:58,613 INFO  ModalContext NodeLogger : # Based on Eclipse, www.eclipse.org                         #
2013-04-17 17:13:58,613 INFO  ModalContext NodeLogger : # Uses: Java, GEF, Log4J                                    #
2013-04-17 17:13:58,613 INFO  ModalContext NodeLogger : #                                                           #
2013-04-17 17:13:58,613 INFO  ModalContext NodeLogger : #############################################################
2013-04-17 17:13:58,613 INFO  ModalContext NodeLogger : #                                                           #
2013-04-17 17:13:58,614 INFO  ModalContext NodeLogger : # Copyright, 2003 - 2012                                    #
2013-04-17 17:13:58,614 INFO  ModalContext NodeLogger : # University of Konstanz, Germany.                          #
2013-04-17 17:13:58,614 INFO  ModalContext NodeLogger : # Chair for Bioinformatics and Information Mining           #
2013-04-17 17:13:58,614 INFO  ModalContext NodeLogger : # Prof. Dr. Michael R. Berthold                             #
2013-04-17 17:13:58,614 INFO  ModalContext NodeLogger : # and KNIME GmbH, Konstanz, Germany                         #
2013-04-17 17:13:58,614 INFO  ModalContext NodeLogger : # website: http://www.knime.org                             #
2013-04-17 17:13:58,614 INFO  ModalContext NodeLogger : # email: contact@knime.org                                  #
2013-04-17 17:13:58,614 INFO  ModalContext NodeLogger : #                                                           #
2013-04-17 17:13:58,614 INFO  ModalContext NodeLogger : #############################################################
2013-04-17 17:13:58,614 INFO  ModalContext NodeLogger : # For more details see the KNIME log file:                  #
2013-04-17 17:13:58,614 INFO  ModalContext NodeLogger : # D:\Dropbox\Uczelnia\Modele i metryki jakoœci w in¿ynierii oprogramowania\Projekt\ic-depress\ic-depress-data-anonymisation\.metadata\knime\knime.log
2013-04-17 17:13:58,614 INFO  ModalContext NodeLogger : #-----------------------------------------------------------#
2013-04-17 17:13:58,614 INFO  ModalContext NodeLogger : # logging date=Wed Apr 17 17:13:58 CEST 2013
2013-04-17 17:13:58,614 INFO  ModalContext NodeLogger : # java.version=1.7.0_07
2013-04-17 17:13:58,614 INFO  ModalContext NodeLogger : # java.vm.version=23.3-b01
2013-04-17 17:13:58,614 INFO  ModalContext NodeLogger : # java.vendor=Oracle Corporation
2013-04-17 17:13:58,614 INFO  ModalContext NodeLogger : # os.name=Windows 7
2013-04-17 17:13:58,614 INFO  ModalContext NodeLogger : # os.arch=amd64
2013-04-17 17:13:58,614 INFO  ModalContext NodeLogger : # number of CPUs=6
2013-04-17 17:13:58,614 INFO  ModalContext NodeLogger : # assertions=off
2013-04-17 17:13:58,615 INFO  ModalContext NodeLogger : # host=PC
2013-04-17 17:13:58,617 INFO  ModalContext NodeLogger : # username=Afghani
2013-04-17 17:13:58,617 INFO  ModalContext NodeLogger : # max mem=341MB
2013-04-17 17:13:58,618 INFO  ModalContext NodeLogger : # application=org.eclipse.ui.ide.workbench
2013-04-17 17:13:58,618 INFO  ModalContext NodeLogger : #############################################################
2013-04-17 17:13:58,622 DEBUG ModalContext KNIMECorePlugin : Setting KNIME max thread count to 12
2013-04-17 17:13:58,622 DEBUG ModalContext KNIMECorePlugin : Setting KNIME temp dir to "C:\Users\Afghani\AppData\Local\Temp"
2013-04-17 17:13:58,623 INFO  ModalContext NodeLogger : Changing logging level to DEBUG
2013-04-17 17:13:58,640 INFO  ModalContext KNIMECorePlugin : Setting console view log level to WARN
2013-04-17 17:13:58,704 DEBUG ModalContext KnimeEncryption : Replacing current encryption key supplier "null" with this new one "org.knime.workbench.core.EclipseEncryptionKeySupplier@33a5d115".
2013-04-17 17:13:58,706 DEBUG ModalContext KnimeEncryption : Replacing current encryption key supplier "org.knime.workbench.core.EclipseEncryptionKeySupplier@33a5d115" with this new one "org.knime.workbench.ui.masterkey.MasterKeyPreferencePage$1@33dfdc69".
